2025-05-12 13:58:46,472:WARNING:
'cuml' is a soft dependency and not included in the pycaret installation. Please run: `pip install cuml` to install.
2025-05-12 13:58:46,472:WARNING:
'cuml' is a soft dependency and not included in the pycaret installation. Please run: `pip install cuml` to install.
2025-05-12 13:58:46,472:WARNING:
'cuml' is a soft dependency and not included in the pycaret installation. Please run: `pip install cuml` to install.
2025-05-12 13:58:46,472:WARNING:
'cuml' is a soft dependency and not included in the pycaret installation. Please run: `pip install cuml` to install.
2025-05-12 13:58:50,528:INFO:Initializing load_model()
2025-05-12 13:58:50,528:INFO:load_model(model_name=./deploy/pickle/pickle_rf_pycaret2, platform=None, authentication=None, verbose=True)
2025-05-12 14:09:15,668:WARNING:
'cuml' is a soft dependency and not included in the pycaret installation. Please run: `pip install cuml` to install.
2025-05-12 14:09:15,668:WARNING:
'cuml' is a soft dependency and not included in the pycaret installation. Please run: `pip install cuml` to install.
2025-05-12 14:09:15,668:WARNING:
'cuml' is a soft dependency and not included in the pycaret installation. Please run: `pip install cuml` to install.
2025-05-12 14:09:15,668:WARNING:
'cuml' is a soft dependency and not included in the pycaret installation. Please run: `pip install cuml` to install.
2025-05-12 14:09:18,271:INFO:Initializing load_model()
2025-05-12 14:09:18,271:INFO:load_model(model_name=./deploy/pickle/pickle_rf_pycaret2, platform=None, authentication=None, verbose=True)
2025-05-12 14:14:38,186:WARNING:
'cuml' is a soft dependency and not included in the pycaret installation. Please run: `pip install cuml` to install.
2025-05-12 14:14:38,186:WARNING:
'cuml' is a soft dependency and not included in the pycaret installation. Please run: `pip install cuml` to install.
2025-05-12 14:14:38,186:WARNING:
'cuml' is a soft dependency and not included in the pycaret installation. Please run: `pip install cuml` to install.
2025-05-12 14:14:38,186:WARNING:
'cuml' is a soft dependency and not included in the pycaret installation. Please run: `pip install cuml` to install.
2025-05-12 14:14:39,938:INFO:Initializing load_model()
2025-05-12 14:14:39,938:INFO:load_model(model_name=./deploy/pickle/pickle_rf_pycaret2, platform=None, authentication=None, verbose=True)
2025-05-13 00:00:02,855:WARNING:
'cuml' is a soft dependency and not included in the pycaret installation. Please run: `pip install cuml` to install.
2025-05-13 00:00:02,856:WARNING:
'cuml' is a soft dependency and not included in the pycaret installation. Please run: `pip install cuml` to install.
2025-05-13 00:00:02,856:WARNING:
'cuml' is a soft dependency and not included in the pycaret installation. Please run: `pip install cuml` to install.
2025-05-13 00:00:02,856:WARNING:
'cuml' is a soft dependency and not included in the pycaret installation. Please run: `pip install cuml` to install.
2025-05-13 00:00:11,062:INFO:Initializing load_model()
2025-05-13 00:00:11,062:INFO:load_model(model_name=./deploy/pickle/pickle_rf_pycaret2, platform=None, authentication=None, verbose=True)
2025-05-13 00:00:41,794:INFO:Initializing predict_model()
2025-05-13 00:00:41,794:INFO:predict_model(self=<pycaret.classification.oop.ClassificationExperiment object at 0x000002D3C48F7D10>, estimator=Pipeline(memory=Memory(location=None),
         steps=[('numerical_imputer',
                 TransformerWrapper(include=['AcceptedCmp1', 'AcceptedCmp2',
                                             'AcceptedCmp3', 'AcceptedCmp4',
                                             'AcceptedCmp5', 'Age', 'Complain',
                                             'Income', 'Kidhome',
                                             'MntFishProducts', 'MntFruits',
                                             'MntGoldProds', 'MntMeatProducts',
                                             'MntSweetProducts', 'MntWines',
                                             'NumCatalogPurchases',
                                             'NumDealsPurchases',
                                             'NumStoreP...
                                    transformer=OneHotEncoder(cols=['Education',
                                                                    'Marital_Status'],
                                                              handle_missing='return_nan',
                                                              use_cat_names=True))),
                ('remove_outliers',
                 TransformerWrapper(transformer=RemoveOutliers(random_state=123))),
                ('balance',
                 TransformerWrapper(transformer=FixImbalancer(estimator=SMOTE(random_state=123)))),
                ('trained_model',
                 RandomForestClassifier(n_jobs=-1, random_state=123))]), probability_threshold=None, encoded_labels=False, raw_score=True, round=4, verbose=True, ml_usecase=None, preprocess=True, encode_labels=<function _SupervisedExperiment.predict_model.<locals>.encode_labels at 0x000002D3C47EF2E0>)
2025-05-13 00:00:41,794:INFO:Checking exceptions
2025-05-13 00:00:41,794:INFO:Preloading libraries
2025-05-13 00:00:41,802:INFO:Set up data.
2025-05-13 00:00:41,843:INFO:Set up index.
2025-05-13 00:00:42,920:WARNING:C:\Users\thi18\Downloads\front end\app.py:109: FutureWarning:

Styler.applymap has been deprecated. Use Styler.map instead.


2025-05-13 09:50:11,738:WARNING:
'cuml' is a soft dependency and not included in the pycaret installation. Please run: `pip install cuml` to install.
2025-05-13 09:50:11,739:WARNING:
'cuml' is a soft dependency and not included in the pycaret installation. Please run: `pip install cuml` to install.
2025-05-13 09:50:11,739:WARNING:
'cuml' is a soft dependency and not included in the pycaret installation. Please run: `pip install cuml` to install.
2025-05-13 09:50:11,739:WARNING:
'cuml' is a soft dependency and not included in the pycaret installation. Please run: `pip install cuml` to install.
2025-05-13 09:50:18,352:INFO:Initializing load_model()
2025-05-13 09:50:18,352:INFO:load_model(model_name=./deploy/pickle/pickle_rf_pycaret2, platform=None, authentication=None, verbose=True)
